<?xml version="1.0" encoding="UTF-8"?>
<!-- Generated by org.testng.reporters.JUnitReportReporter -->
<testsuite hostname="LAPTOP-DONE25TV" failures="0" tests="3" name="testPack.HardAssert1" time="2.025" errors="0" timestamp="2023-02-03T15:09:52 EST" skipped="0">
  <testcase classname="testPack.HardAssert1" name="verifyloginPage2" time="2.025"/>
  <system-out/>
  <testcase classname="testPack.HardAssert1" name="verifyloginPage1" time="0.000"/>
  <system-out/>
  <testcase classname="testPack.HardAssert1" name="verifyloginPage" time="0.000"/>
  <system-out/>
</testsuite> <!-- testPack.HardAssert1 -->
