<?xml version="1.0" encoding="UTF-8"?>
<!-- Generated by org.testng.reporters.JUnitReportReporter -->
<testsuite hostname="LAPTOP-DONE25TV" failures="0" tests="1" name="testPack.VerifyLoginPage" time="4.189" errors="0" timestamp="2023-03-01T13:21:35 EST" skipped="0">
  <testcase classname="testPack.VerifyLoginPage" name="verifyloginPage" time="4.189"/>
  <system-out/>
</testsuite> <!-- testPack.VerifyLoginPage -->
