<?xml version="1.0" encoding="UTF-8"?>
<!-- Generated by org.testng.reporters.JUnitReportReporter -->
<testsuite hostname="LAPTOP-DONE25TV" failures="0" tests="2" name="testPack.SoftAssertUse1" time="7.027" errors="0" timestamp="2023-03-01T13:22:58 EST" skipped="0">
  <testcase classname="testPack.SoftAssertUse1" name="verifyloginPage1" time="4.226"/>
  <system-out/>
  <testcase classname="testPack.SoftAssertUse1" name="verifyloginPage" time="2.801"/>
  <system-out/>
</testsuite> <!-- testPack.SoftAssertUse1 -->
