<?xml version="1.0" encoding="UTF-8"?>
<!-- Generated by org.testng.reporters.JUnitReportReporter -->
<testsuite hostname="LAPTOP-DONE25TV" failures="0" tests="2" name="testPack.SoftAssertUse1" time="7.873" errors="0" timestamp="2023-02-03T15:07:02 EST" skipped="0">
  <testcase classname="testPack.SoftAssertUse1" name="verifyloginPage" time="4.782"/>
  <system-out/>
  <testcase classname="testPack.SoftAssertUse1" name="verifyloginPage1" time="3.091"/>
  <system-out/>
</testsuite> <!-- testPack.SoftAssertUse1 -->
