<?xml version="1.0" encoding="UTF-8"?>
<!-- Generated by org.testng.reporters.JUnitReportReporter -->
<testsuite hostname="LAPTOP-DONE25TV" failures="0" tests="1" name="testPack.VerifyLoginPage" time="4.849" errors="0" timestamp="2023-02-10T13:15:50 EST" skipped="0">
  <testcase classname="testPack.VerifyLoginPage" name="verifyloginPage" time="4.849"/>
  <system-out/>
</testsuite> <!-- testPack.VerifyLoginPage -->
