<?xml version="1.0" encoding="UTF-8"?>
<!-- Generated by org.testng.reporters.JUnitReportReporter -->
<testsuite hostname="LAPTOP-DONE25TV" failures="0" tests="1" name="testPack.ParameterUse" time="1.240" errors="0" timestamp="2023-02-03T15:20:30 EST" skipped="0">
  <testcase classname="testPack.ParameterUse" name="verifyloginPage" time="1.240"/>
  <system-out/>
</testsuite> <!-- testPack.ParameterUse -->
