<?xml version="1.0" encoding="UTF-8"?>
<!-- Generated by org.testng.reporters.JUnitReportReporter -->
<testsuite hostname="LAPTOP-DONE25TV" failures="0" tests="1" name="testPack.TestClass" time="0.457" errors="0" timestamp="2023-02-03T14:50:41 EST" skipped="0">
  <testcase classname="testPack.TestClass" name="test1" time="0.457"/>
  <system-out/>
</testsuite> <!-- testPack.TestClass -->
